<?xml version="1.0" encoding="UTF-8"?>
<testng-results skipped="0" failed="0" ignored="0" total="2" passed="2">
  <reporter-output>
  </reporter-output>
  <suite name="Suite" duration-ms="44779" started-at="2021-09-12T20:18:51 IST" finished-at="2021-09-12T20:19:36 IST">
    <groups>
    </groups>
    <test name="Test" duration-ms="44779" started-at="2021-09-12T20:18:51 IST" finished-at="2021-09-12T20:19:36 IST">
      <class name="studentTests.StudentLoginTest">
        <test-method status="PASS" signature="launchBrowser()[pri:0, instance:studentTests.StudentLoginTest@707194ba]" name="launchBrowser" is-config="true" duration-ms="3940" started-at="2021-09-12T20:18:51 IST" finished-at="2021-09-12T20:18:55 IST">
          <reporter-output>
          </reporter-output>
        </test-method> <!-- launchBrowser -->
        <test-method status="PASS" signature="userLogin(java.lang.String,java.lang.String)[pri:0, instance:studentTests.StudentLoginTest@707194ba]" name="userLogin" duration-ms="8095" started-at="2021-09-12T20:18:55 IST" data-provider="loginCredentials" finished-at="2021-09-12T20:19:03 IST">
          <params>
            <param index="0">
              <value>
                <![CDATA[user01]]>
              </value>
            </param>
            <param index="1">
              <value>
                <![CDATA[qwer]]>
              </value>
            </param>
          </params>
          <reporter-output>
          </reporter-output>
        </test-method> <!-- userLogin -->
        <test-method status="PASS" signature="userLogin(java.lang.String,java.lang.String)[pri:0, instance:studentTests.StudentLoginTest@707194ba]" name="userLogin" duration-ms="32556" started-at="2021-09-12T20:19:03 IST" data-provider="loginCredentials" finished-at="2021-09-12T20:19:36 IST">
          <params>
            <param index="0">
              <value>
                <![CDATA[user12]]>
              </value>
            </param>
            <param index="1">
              <value>
                <![CDATA[sushmitha12]]>
              </value>
            </param>
          </params>
          <reporter-output>
          </reporter-output>
        </test-method> <!-- userLogin -->
        <test-method status="PASS" signature="closeBrowser()[pri:0, instance:studentTests.StudentLoginTest@707194ba]" name="closeBrowser" is-config="true" duration-ms="107" started-at="2021-09-12T20:19:36 IST" finished-at="2021-09-12T20:19:36 IST">
          <reporter-output>
          </reporter-output>
        </test-method> <!-- closeBrowser -->
      </class> <!-- studentTests.StudentLoginTest -->
    </test> <!-- Test -->
  </suite> <!-- Suite -->
</testng-results>
