<?xml version="1.0" encoding="UTF-8"?>
<testng-results skipped="0" failed="3" total="8" passed="5">
  <reporter-output>
  </reporter-output>
  <suite name="Suite" duration-ms="115856" started-at="2021-09-13T11:37:01Z" finished-at="2021-09-13T11:38:57Z">
    <groups>
    </groups>
    <test name="Download reports" duration-ms="35147" started-at="2021-09-13T11:37:01Z" finished-at="2021-09-13T11:37:36Z">
      <class name="adminTests.DownloadReportTest">
        <test-method status="PASS" signature="launchBrowser()[pri:0, instance:adminTests.DownloadReportTest@77fbd92c]" name="launchBrowser" is-config="true" duration-ms="7849" started-at="2021-09-13T17:07:01Z" finished-at="2021-09-13T17:07:09Z">
          <reporter-output>
          </reporter-output>
        </test-method> <!-- launchBrowser -->
        <test-method status="PASS" signature="downloadReport()[pri:0, instance:adminTests.DownloadReportTest@77fbd92c]" name="downloadReport" duration-ms="27110" started-at="2021-09-13T17:07:09Z" finished-at="2021-09-13T17:07:36Z">
          <reporter-output>
          </reporter-output>
        </test-method> <!-- downloadReport -->
        <test-method status="PASS" signature="tearDown()[pri:0, instance:adminTests.DownloadReportTest@77fbd92c]" name="tearDown" is-config="true" duration-ms="179" started-at="2021-09-13T17:07:36Z" finished-at="2021-09-13T17:07:36Z">
          <reporter-output>
          </reporter-output>
        </test-method> <!-- tearDown -->
      </class> <!-- adminTests.DownloadReportTest -->
    </test> <!-- Download reports -->
    <test name="Student login" duration-ms="64343" started-at="2021-09-13T11:37:01Z" finished-at="2021-09-13T11:38:05Z">
      <class name="studentTests.StudentLoginTest">
        <test-method status="PASS" signature="launchBrowser()[pri:0, instance:studentTests.StudentLoginTest@79e2c065]" name="launchBrowser" is-config="true" duration-ms="8549" started-at="2021-09-13T17:07:01Z" finished-at="2021-09-13T17:07:10Z">
          <reporter-output>
          </reporter-output>
        </test-method> <!-- launchBrowser -->
        <test-method status="FAIL" signature="userLogin(java.lang.String, java.lang.String)[pri:0, instance:studentTests.StudentLoginTest@79e2c065]" name="userLogin" duration-ms="11262" started-at="2021-09-13T17:07:10Z" data-provider="loginCredentials" finished-at="2021-09-13T17:07:21Z">
          <params>
            <param index="0">
              <value>
                <![CDATA[user01]]>
              </value>
            </param>
            <param index="1">
              <value>
                <![CDATA[qwer]]>
              </value>
            </param>
          </params>
          <exception class="java.lang.AssertionError">
            <message>
              <![CDATA[expected [Qualicoach] but found [Qualicoach: Log in to the site]]]>
            </message>
            <full-stacktrace>
              <![CDATA[java.lang.AssertionError: expected [Qualicoach] but found [Qualicoach: Log in to the site]
	at org.testng.Assert.fail(Assert.java:94)
	at org.testng.Assert.failNotEquals(Assert.java:513)
	at org.testng.Assert.assertEqualsImpl(Assert.java:135)
	at org.testng.Assert.assertEquals(Assert.java:116)
	at org.testng.Assert.assertEquals(Assert.java:190)
	at org.testng.Assert.assertEquals(Assert.java:200)
	at studentTests.StudentLoginTest.userLogin(StudentLoginTest.java:31)
	at sun.reflect.NativeMethodAccessorImpl.invoke0(Native Method)
	at sun.reflect.NativeMethodAccessorImpl.invoke(Unknown Source)
	at sun.reflect.DelegatingMethodAccessorImpl.invoke(Unknown Source)
	at java.lang.reflect.Method.invoke(Unknown Source)
	at org.testng.internal.MethodInvocationHelper.invokeMethod(MethodInvocationHelper.java:86)
	at org.testng.internal.Invoker.invokeMethod(Invoker.java:645)
	at org.testng.internal.Invoker.invokeTestMethod(Invoker.java:822)
	at org.testng.internal.Invoker.invokeTestMethods(Invoker.java:1130)
	at org.testng.internal.TestMethodWorker.invokeTestMethods(TestMethodWorker.java:129)
	at org.testng.internal.TestMethodWorker.run(TestMethodWorker.java:112)
	at org.testng.TestRunner.privateRun(TestRunner.java:782)
	at org.testng.TestRunner.run(TestRunner.java:632)
	at org.testng.SuiteRunner.runTest(SuiteRunner.java:366)
	at org.testng.SuiteRunner.access$000(SuiteRunner.java:39)
	at org.testng.SuiteRunner$SuiteWorker.run(SuiteRunner.java:400)
	at org.testng.internal.thread.ThreadUtil$2.call(ThreadUtil.java:64)
	at java.util.concurrent.FutureTask.run(Unknown Source)
	at java.util.concurrent.ThreadPoolExecutor.runWorker(Unknown Source)
	at java.util.concurrent.ThreadPoolExecutor$Worker.run(Unknown Source)
	at java.lang.Thread.run(Unknown Source)
]]>
            </full-stacktrace>
          </exception> <!-- java.lang.AssertionError -->
          <reporter-output>
          </reporter-output>
        </test-method> <!-- userLogin -->
        <test-method status="PASS" signature="userLogin(java.lang.String, java.lang.String)[pri:0, instance:studentTests.StudentLoginTest@79e2c065]" name="userLogin" duration-ms="44266" started-at="2021-09-13T17:07:21Z" data-provider="loginCredentials" finished-at="2021-09-13T17:08:05Z">
          <params>
            <param index="0">
              <value>
                <![CDATA[user12]]>
              </value>
            </param>
            <param index="1">
              <value>
                <![CDATA[sushmitha12]]>
              </value>
            </param>
          </params>
          <reporter-output>
          </reporter-output>
        </test-method> <!-- userLogin -->
        <test-method status="PASS" signature="closeBrowser()[pri:0, instance:studentTests.StudentLoginTest@79e2c065]" name="closeBrowser" is-config="true" duration-ms="77" started-at="2021-09-13T17:08:05Z" finished-at="2021-09-13T17:08:05Z">
          <reporter-output>
          </reporter-output>
        </test-method> <!-- closeBrowser -->
      </class> <!-- studentTests.StudentLoginTest -->
    </test> <!-- Student login -->
    <test name="Enrol into course" duration-ms="69837" started-at="2021-09-13T11:37:01Z" finished-at="2021-09-13T11:38:11Z">
      <class name="studentTests.CourseEnrollmentTest">
        <test-method status="PASS" signature="launchBrowser()[pri:0, instance:studentTests.CourseEnrollmentTest@4ec4f3a0]" name="launchBrowser" is-config="true" duration-ms="8782" started-at="2021-09-13T17:07:01Z" finished-at="2021-09-13T17:07:10Z">
          <reporter-output>
          </reporter-output>
        </test-method> <!-- launchBrowser -->
        <test-method status="PASS" signature="enrollIntoCourse()[pri:0, instance:studentTests.CourseEnrollmentTest@4ec4f3a0]" name="enrollIntoCourse" duration-ms="56765" started-at="2021-09-13T17:07:10Z" finished-at="2021-09-13T17:08:07Z">
          <reporter-output>
          </reporter-output>
        </test-method> <!-- enrollIntoCourse -->
        <test-method status="PASS" signature="closeBrowser()[pri:0, instance:studentTests.CourseEnrollmentTest@4ec4f3a0]" name="closeBrowser" is-config="true" duration-ms="4279" started-at="2021-09-13T17:08:07Z" finished-at="2021-09-13T17:08:11Z">
          <reporter-output>
          </reporter-output>
        </test-method> <!-- closeBrowser -->
      </class> <!-- studentTests.CourseEnrollmentTest -->
    </test> <!-- Enrol into course -->
    <test name="create course" duration-ms="94020" started-at="2021-09-13T11:37:01Z" finished-at="2021-09-13T11:38:35Z">
      <class name="adminTests.CreateCourseTest">
        <test-method status="PASS" signature="launchBrowser()[pri:0, instance:adminTests.CreateCourseTest@1bd4fdd]" name="launchBrowser" is-config="true" duration-ms="7398" started-at="2021-09-13T17:07:01Z" finished-at="2021-09-13T17:07:08Z">
          <reporter-output>
          </reporter-output>
        </test-method> <!-- launchBrowser -->
        <test-method status="FAIL" signature="createCourse()[pri:0, instance:adminTests.CreateCourseTest@1bd4fdd]" name="createCourse" duration-ms="82217" started-at="2021-09-13T17:07:08Z" finished-at="2021-09-13T17:08:31Z">
          <exception class="org.openqa.selenium.NoSuchElementException">
            <message>
              <![CDATA[no such element: Unable to locate element: {"method":"xpath","selector":"//a[text()='QualitestCourse']"}
  (Session info: chrome=93.0.4577.63)
For documentation on this error, please visit: https://www.seleniumhq.org/exceptions/no_such_element.html
Build info: version: '3.141.59', revision: 'e82be7d358', time: '2018-11-14T08:17:03'
System info: host: 'LAPTOP-K932JURE', ip: '192.168.0.101', os.name: 'Windows 10', os.arch: 'amd64', os.version: '10.0', java.version: '1.8.0_261'
Driver info: org.openqa.selenium.chrome.ChromeDriver
Capabilities {acceptInsecureCerts: false, browserName: chrome, browserVersion: 93.0.4577.63, chrome: {chromedriverVersion: 93.0.4577.63 (ff5c0da2ec0ad..., userDataDir: C:\Users\SUSHMI~1\AppData\L...}, goog:chromeOptions: {debuggerAddress: localhost:54554}, javascriptEnabled: true, networkConnectionEnabled: false, pageLoadStrategy: normal, platform: WINDOWS, platformName: WINDOWS, proxy: Proxy(), setWindowRect: true, strictFileInteractability: false, timeouts: {implicit: 0, pageLoad: 300000, script: 30000}, unhandledPromptBehavior: dismiss and notify, webauthn:extension:credBlob: true, webauthn:extension:largeBlob: true, webauthn:virtualAuthenticators: true}
Session ID: f1ab8985b3c2c3460db568699a94c0de
*** Element info: {Using=xpath, value=//a[text()='QualitestCourse']}]]>
            </message>
            <full-stacktrace>
              <![CDATA[org.openqa.selenium.NoSuchElementException: no such element: Unable to locate element: {"method":"xpath","selector":"//a[text()='QualitestCourse']"}
  (Session info: chrome=93.0.4577.63)
For documentation on this error, please visit: https://www.seleniumhq.org/exceptions/no_such_element.html
Build info: version: '3.141.59', revision: 'e82be7d358', time: '2018-11-14T08:17:03'
System info: host: 'LAPTOP-K932JURE', ip: '192.168.0.101', os.name: 'Windows 10', os.arch: 'amd64', os.version: '10.0', java.version: '1.8.0_261'
Driver info: org.openqa.selenium.chrome.ChromeDriver
Capabilities {acceptInsecureCerts: false, browserName: chrome, browserVersion: 93.0.4577.63, chrome: {chromedriverVersion: 93.0.4577.63 (ff5c0da2ec0ad..., userDataDir: C:\Users\SUSHMI~1\AppData\L...}, goog:chromeOptions: {debuggerAddress: localhost:54554}, javascriptEnabled: true, networkConnectionEnabled: false, pageLoadStrategy: normal, platform: WINDOWS, platformName: WINDOWS, proxy: Proxy(), setWindowRect: true, strictFileInteractability: false, timeouts: {implicit: 0, pageLoad: 300000, script: 30000}, unhandledPromptBehavior: dismiss and notify, webauthn:extension:credBlob: true, webauthn:extension:largeBlob: true, webauthn:virtualAuthenticators: true}
Session ID: f1ab8985b3c2c3460db568699a94c0de
*** Element info: {Using=xpath, value=//a[text()='QualitestCourse']}
	at sun.reflect.NativeConstructorAccessorImpl.newInstance0(Native Method)
	at sun.reflect.NativeConstructorAccessorImpl.newInstance(Unknown Source)
	at sun.reflect.DelegatingConstructorAccessorImpl.newInstance(Unknown Source)
	at java.lang.reflect.Constructor.newInstance(Unknown Source)
	at org.openqa.selenium.remote.http.W3CHttpResponseCodec.createException(W3CHttpResponseCodec.java:187)
	at org.openqa.selenium.remote.http.W3CHttpResponseCodec.decode(W3CHttpResponseCodec.java:122)
	at org.openqa.selenium.remote.http.W3CHttpResponseCodec.decode(W3CHttpResponseCodec.java:49)
	at org.openqa.selenium.remote.HttpCommandExecutor.execute(HttpCommandExecutor.java:158)
	at org.openqa.selenium.remote.service.DriverCommandExecutor.execute(DriverCommandExecutor.java:83)
	at org.openqa.selenium.remote.RemoteWebDriver.execute(RemoteWebDriver.java:552)
	at org.openqa.selenium.remote.RemoteWebDriver.findElement(RemoteWebDriver.java:323)
	at org.openqa.selenium.remote.RemoteWebDriver.findElementByXPath(RemoteWebDriver.java:428)
	at org.openqa.selenium.By$ByXPath.findElement(By.java:353)
	at org.openqa.selenium.remote.RemoteWebDriver.findElement(RemoteWebDriver.java:315)
	at pageObject.CourseCategoryManagement.getCategoryName(CourseCategoryManagement.java:40)
	at adminTests.CreateCourseTest.createNewCourse(CreateCourseTest.java:104)
	at adminTests.CreateCourseTest.createCourse(CreateCourseTest.java:65)
	at sun.reflect.NativeMethodAccessorImpl.invoke0(Native Method)
	at sun.reflect.NativeMethodAccessorImpl.invoke(Unknown Source)
	at sun.reflect.DelegatingMethodAccessorImpl.invoke(Unknown Source)
	at java.lang.reflect.Method.invoke(Unknown Source)
	at org.testng.internal.MethodInvocationHelper.invokeMethod(MethodInvocationHelper.java:86)
	at org.testng.internal.Invoker.invokeMethod(Invoker.java:645)
	at org.testng.internal.Invoker.invokeTestMethod(Invoker.java:822)
	at org.testng.internal.Invoker.invokeTestMethods(Invoker.java:1130)
	at org.testng.internal.TestMethodWorker.invokeTestMethods(TestMethodWorker.java:129)
	at org.testng.internal.TestMethodWorker.run(TestMethodWorker.java:112)
	at org.testng.TestRunner.privateRun(TestRunner.java:782)
	at org.testng.TestRunner.run(TestRunner.java:632)
	at org.testng.SuiteRunner.runTest(SuiteRunner.java:366)
	at org.testng.SuiteRunner.access$000(SuiteRunner.java:39)
	at org.testng.SuiteRunner$SuiteWorker.run(SuiteRunner.java:400)
	at org.testng.internal.thread.ThreadUtil$2.call(ThreadUtil.java:64)
	at java.util.concurrent.FutureTask.run(Unknown Source)
	at java.util.concurrent.ThreadPoolExecutor.runWorker(Unknown Source)
	at java.util.concurrent.ThreadPoolExecutor$Worker.run(Unknown Source)
	at java.lang.Thread.run(Unknown Source)
]]>
            </full-stacktrace>
          </exception> <!-- org.openqa.selenium.NoSuchElementException -->
          <reporter-output>
          </reporter-output>
        </test-method> <!-- createCourse -->
        <test-method status="PASS" signature="closeBrowser()[pri:0, instance:adminTests.CreateCourseTest@1bd4fdd]" name="closeBrowser" is-config="true" duration-ms="4151" started-at="2021-09-13T17:08:31Z" finished-at="2021-09-13T17:08:35Z">
          <reporter-output>
          </reporter-output>
        </test-method> <!-- closeBrowser -->
      </class> <!-- adminTests.CreateCourseTest -->
    </test> <!-- create course -->
    <test name="create user" duration-ms="31767" started-at="2021-09-13T11:38:05Z" finished-at="2021-09-13T11:38:37Z">
      <class name="adminTests.CreateUserTest">
        <test-method status="PASS" signature="launchBrowser()[pri:0, instance:adminTests.CreateUserTest@4c371370]" name="launchBrowser" is-config="true" duration-ms="1638" started-at="2021-09-13T17:08:05Z" finished-at="2021-09-13T17:08:07Z">
          <reporter-output>
          </reporter-output>
        </test-method> <!-- launchBrowser -->
        <test-method status="PASS" signature="createUser()[pri:0, instance:adminTests.CreateUserTest@4c371370]" name="createUser" duration-ms="25993" started-at="2021-09-13T17:08:07Z" finished-at="2021-09-13T17:08:33Z">
          <reporter-output>
          </reporter-output>
        </test-method> <!-- createUser -->
        <test-method status="PASS" signature="closeBrowser()[pri:0, instance:adminTests.CreateUserTest@4c371370]" name="closeBrowser" is-config="true" duration-ms="4133" started-at="2021-09-13T17:08:33Z" finished-at="2021-09-13T17:08:37Z">
          <reporter-output>
          </reporter-output>
        </test-method> <!-- closeBrowser -->
      </class> <!-- adminTests.CreateUserTest -->
    </test> <!-- create user -->
    <test name="Update user" duration-ms="103973" started-at="2021-09-13T11:37:01Z" finished-at="2021-09-13T11:38:45Z">
      <class name="studentTests.UpdateUserTest">
        <test-method status="PASS" signature="launchBrowser()[pri:0, instance:studentTests.UpdateUserTest@6aeb35e6]" name="launchBrowser" is-config="true" duration-ms="7913" started-at="2021-09-13T17:07:01Z" finished-at="2021-09-13T17:07:09Z">
          <reporter-output>
          </reporter-output>
        </test-method> <!-- launchBrowser -->
        <test-method status="FAIL" signature="updateUserProfile()[pri:1, instance:studentTests.UpdateUserTest@6aeb35e6]" name="updateUserProfile" duration-ms="91727" started-at="2021-09-13T17:07:09Z" finished-at="2021-09-13T17:08:41Z">
          <exception class="org.openqa.selenium.NoSuchElementException">
            <message>
              <![CDATA[no such element: Unable to locate element: {"method":"css selector","selector":"#id_email"}
  (Session info: chrome=93.0.4577.63)
For documentation on this error, please visit: https://www.seleniumhq.org/exceptions/no_such_element.html
Build info: version: '3.141.59', revision: 'e82be7d358', time: '2018-11-14T08:17:03'
System info: host: 'LAPTOP-K932JURE', ip: '192.168.0.101', os.name: 'Windows 10', os.arch: 'amd64', os.version: '10.0', java.version: '1.8.0_261'
Driver info: org.openqa.selenium.chrome.ChromeDriver
Capabilities {acceptInsecureCerts: false, browserName: chrome, browserVersion: 93.0.4577.63, chrome: {chromedriverVersion: 93.0.4577.63 (ff5c0da2ec0ad..., userDataDir: C:\Users\SUSHMI~1\AppData\L...}, goog:chromeOptions: {debuggerAddress: localhost:54298}, javascriptEnabled: true, networkConnectionEnabled: false, pageLoadStrategy: normal, platform: WINDOWS, platformName: WINDOWS, proxy: Proxy(), setWindowRect: true, strictFileInteractability: false, timeouts: {implicit: 0, pageLoad: 300000, script: 30000}, unhandledPromptBehavior: dismiss and notify, webauthn:extension:credBlob: true, webauthn:extension:largeBlob: true, webauthn:virtualAuthenticators: true}
Session ID: d81e1bd39608672ac4af3cfd10a3754d
*** Element info: {Using=id, value=id_email}]]>
            </message>
            <full-stacktrace>
              <![CDATA[org.openqa.selenium.NoSuchElementException: no such element: Unable to locate element: {"method":"css selector","selector":"#id_email"}
  (Session info: chrome=93.0.4577.63)
For documentation on this error, please visit: https://www.seleniumhq.org/exceptions/no_such_element.html
Build info: version: '3.141.59', revision: 'e82be7d358', time: '2018-11-14T08:17:03'
System info: host: 'LAPTOP-K932JURE', ip: '192.168.0.101', os.name: 'Windows 10', os.arch: 'amd64', os.version: '10.0', java.version: '1.8.0_261'
Driver info: org.openqa.selenium.chrome.ChromeDriver
Capabilities {acceptInsecureCerts: false, browserName: chrome, browserVersion: 93.0.4577.63, chrome: {chromedriverVersion: 93.0.4577.63 (ff5c0da2ec0ad..., userDataDir: C:\Users\SUSHMI~1\AppData\L...}, goog:chromeOptions: {debuggerAddress: localhost:54298}, javascriptEnabled: true, networkConnectionEnabled: false, pageLoadStrategy: normal, platform: WINDOWS, platformName: WINDOWS, proxy: Proxy(), setWindowRect: true, strictFileInteractability: false, timeouts: {implicit: 0, pageLoad: 300000, script: 30000}, unhandledPromptBehavior: dismiss and notify, webauthn:extension:credBlob: true, webauthn:extension:largeBlob: true, webauthn:virtualAuthenticators: true}
Session ID: d81e1bd39608672ac4af3cfd10a3754d
*** Element info: {Using=id, value=id_email}
	at sun.reflect.NativeConstructorAccessorImpl.newInstance0(Native Method)
	at sun.reflect.NativeConstructorAccessorImpl.newInstance(Unknown Source)
	at sun.reflect.DelegatingConstructorAccessorImpl.newInstance(Unknown Source)
	at java.lang.reflect.Constructor.newInstance(Unknown Source)
	at org.openqa.selenium.remote.http.W3CHttpResponseCodec.createException(W3CHttpResponseCodec.java:187)
	at org.openqa.selenium.remote.http.W3CHttpResponseCodec.decode(W3CHttpResponseCodec.java:122)
	at org.openqa.selenium.remote.http.W3CHttpResponseCodec.decode(W3CHttpResponseCodec.java:49)
	at org.openqa.selenium.remote.HttpCommandExecutor.execute(HttpCommandExecutor.java:158)
	at org.openqa.selenium.remote.service.DriverCommandExecutor.execute(DriverCommandExecutor.java:83)
	at org.openqa.selenium.remote.RemoteWebDriver.execute(RemoteWebDriver.java:552)
	at org.openqa.selenium.remote.RemoteWebDriver.findElement(RemoteWebDriver.java:323)
	at org.openqa.selenium.remote.RemoteWebDriver.findElementById(RemoteWebDriver.java:372)
	at org.openqa.selenium.By$ById.findElement(By.java:188)
	at org.openqa.selenium.remote.RemoteWebDriver.findElement(RemoteWebDriver.java:315)
	at org.openqa.selenium.support.pagefactory.DefaultElementLocator.findElement(DefaultElementLocator.java:69)
	at org.openqa.selenium.support.pagefactory.internal.LocatingElementHandler.invoke(LocatingElementHandler.java:38)
	at com.sun.proxy.$Proxy25.clear(Unknown Source)
	at studentTests.UpdateUserTest.updateUserProfile(UpdateUserTest.java:45)
	at sun.reflect.NativeMethodAccessorImpl.invoke0(Native Method)
	at sun.reflect.NativeMethodAccessorImpl.invoke(Unknown Source)
	at sun.reflect.DelegatingMethodAccessorImpl.invoke(Unknown Source)
	at java.lang.reflect.Method.invoke(Unknown Source)
	at org.testng.internal.MethodInvocationHelper.invokeMethod(MethodInvocationHelper.java:86)
	at org.testng.internal.Invoker.invokeMethod(Invoker.java:645)
	at org.testng.internal.Invoker.invokeTestMethod(Invoker.java:822)
	at org.testng.internal.Invoker.invokeTestMethods(Invoker.java:1130)
	at org.testng.internal.TestMethodWorker.invokeTestMethods(TestMethodWorker.java:129)
	at org.testng.internal.TestMethodWorker.run(TestMethodWorker.java:112)
	at org.testng.TestRunner.privateRun(TestRunner.java:782)
	at org.testng.TestRunner.run(TestRunner.java:632)
	at org.testng.SuiteRunner.runTest(SuiteRunner.java:366)
	at org.testng.SuiteRunner.access$000(SuiteRunner.java:39)
	at org.testng.SuiteRunner$SuiteWorker.run(SuiteRunner.java:400)
	at org.testng.internal.thread.ThreadUtil$2.call(ThreadUtil.java:64)
	at java.util.concurrent.FutureTask.run(Unknown Source)
	at java.util.concurrent.ThreadPoolExecutor.runWorker(Unknown Source)
	at java.util.concurrent.ThreadPoolExecutor$Worker.run(Unknown Source)
	at java.lang.Thread.run(Unknown Source)
]]>
            </full-stacktrace>
          </exception> <!-- org.openqa.selenium.NoSuchElementException -->
          <reporter-output>
          </reporter-output>
        </test-method> <!-- updateUserProfile -->
        <test-method status="PASS" signature="closeBrowser()[pri:0, instance:studentTests.UpdateUserTest@6aeb35e6]" name="closeBrowser" is-config="true" duration-ms="4185" started-at="2021-09-13T17:08:41Z" finished-at="2021-09-13T17:08:45Z">
          <reporter-output>
          </reporter-output>
        </test-method> <!-- closeBrowser -->
      </class> <!-- studentTests.UpdateUserTest -->
    </test> <!-- Update user -->
    <test name="Take quiz" duration-ms="80623" started-at="2021-09-13T11:37:36Z" finished-at="2021-09-13T11:38:57Z">
      <class name="studentTests.TakeQuizTest">
        <test-method status="PASS" signature="launchBrowser()[pri:0, instance:studentTests.TakeQuizTest@49e53c76]" name="launchBrowser" is-config="true" duration-ms="1493" started-at="2021-09-13T17:07:36Z" finished-at="2021-09-13T17:07:38Z">
          <reporter-output>
          </reporter-output>
        </test-method> <!-- launchBrowser -->
        <test-method status="PASS" signature="takeQuiz()[pri:0, instance:studentTests.TakeQuizTest@49e53c76]" name="takeQuiz" duration-ms="79059" started-at="2021-09-13T17:07:38Z" finished-at="2021-09-13T17:08:57Z">
          <reporter-output>
          </reporter-output>
        </test-method> <!-- takeQuiz -->
        <test-method status="PASS" signature="tearDown()[pri:0, instance:studentTests.TakeQuizTest@49e53c76]" name="tearDown" is-config="true" duration-ms="70" started-at="2021-09-13T17:08:57Z" finished-at="2021-09-13T17:08:57Z">
          <reporter-output>
          </reporter-output>
        </test-method> <!-- tearDown -->
      </class> <!-- studentTests.TakeQuizTest -->
    </test> <!-- Take quiz -->
  </suite> <!-- Suite -->
</testng-results>
