<?xml version="1.0" encoding="UTF-8"?>
<testng-results skipped="0" failed="1" total="2" passed="1">
  <reporter-output>
  </reporter-output>
  <suite name="Default suite" duration-ms="150337" started-at="2021-09-16T16:28:02Z" finished-at="2021-09-16T16:30:33Z">
    <groups>
    </groups>
    <test name="Default test" duration-ms="150337" started-at="2021-09-16T16:28:02Z" finished-at="2021-09-16T16:30:33Z">
      <class name="adminTests.CreateCourseTest">
        <test-method status="PASS" signature="launchBrowser()[pri:0, instance:adminTests.CreateCourseTest@5cee5251]" name="launchBrowser" is-config="true" duration-ms="8989" started-at="2021-09-16T21:58:02Z" finished-at="2021-09-16T21:58:11Z">
          <reporter-output>
          </reporter-output>
        </test-method> <!-- launchBrowser -->
        <test-method status="PASS" signature="createCourse(java.lang.String, java.lang.String)[pri:0, instance:adminTests.CreateCourseTest@5cee5251]" name="createCourse" duration-ms="126181" started-at="2021-09-16T21:58:11Z" data-provider="categoryDetails" finished-at="2021-09-16T22:00:18Z">
          <params>
            <param index="0">
              <value>
                <![CDATA[SoftwateTesting]]>
              </value>
            </param>
            <param index="1">
              <value>
                <![CDATA[7896]]>
              </value>
            </param>
          </params>
          <reporter-output>
          </reporter-output>
        </test-method> <!-- createCourse -->
        <test-method status="FAIL" signature="createCourse(java.lang.String, java.lang.String)[pri:0, instance:adminTests.CreateCourseTest@5cee5251]" name="createCourse" duration-ms="10980" started-at="2021-09-16T22:00:18Z" data-provider="categoryDetails" finished-at="2021-09-16T22:00:29Z">
          <params>
            <param index="0">
              <value>
                <![CDATA[QualitestCourse]]>
              </value>
            </param>
            <param index="1">
              <value>
                <![CDATA[1234]]>
              </value>
            </param>
          </params>
          <exception class="java.lang.AssertionError">
            <message>
              <![CDATA[Category ID is already Present expected [Course and category management] but found [Qualicoach: Add new category]]]>
            </message>
            <full-stacktrace>
              <![CDATA[java.lang.AssertionError: Category ID is already Present expected [Course and category management] but found [Qualicoach: Add new category]
	at org.testng.Assert.fail(Assert.java:94)
	at org.testng.Assert.failNotEquals(Assert.java:513)
	at org.testng.Assert.assertEqualsImpl(Assert.java:135)
	at org.testng.Assert.assertEquals(Assert.java:116)
	at org.testng.Assert.assertEquals(Assert.java:190)
	at adminTests.CreateCourseTest.createCourse(CreateCourseTest.java:76)
	at sun.reflect.NativeMethodAccessorImpl.invoke0(Native Method)
	at sun.reflect.NativeMethodAccessorImpl.invoke(Unknown Source)
	at sun.reflect.DelegatingMethodAccessorImpl.invoke(Unknown Source)
	at java.lang.reflect.Method.invoke(Unknown Source)
	at org.testng.internal.MethodInvocationHelper.invokeMethod(MethodInvocationHelper.java:86)
	at org.testng.internal.Invoker.invokeMethod(Invoker.java:645)
	at org.testng.internal.Invoker.invokeTestMethod(Invoker.java:822)
	at org.testng.internal.Invoker.invokeTestMethods(Invoker.java:1130)
	at org.testng.internal.TestMethodWorker.invokeTestMethods(TestMethodWorker.java:129)
	at org.testng.internal.TestMethodWorker.run(TestMethodWorker.java:112)
	at org.testng.TestRunner.privateRun(TestRunner.java:782)
	at org.testng.TestRunner.run(TestRunner.java:632)
	at org.testng.SuiteRunner.runTest(SuiteRunner.java:366)
	at org.testng.SuiteRunner.runSequentially(SuiteRunner.java:361)
	at org.testng.SuiteRunner.privateRun(SuiteRunner.java:319)
	at org.testng.SuiteRunner.run(SuiteRunner.java:268)
	at org.testng.SuiteRunnerWorker.runSuite(SuiteRunnerWorker.java:52)
	at org.testng.SuiteRunnerWorker.run(SuiteRunnerWorker.java:86)
	at org.testng.TestNG.runSuitesSequentially(TestNG.java:1244)
	at org.testng.TestNG.runSuitesLocally(TestNG.java:1169)
	at org.testng.TestNG.run(TestNG.java:1064)
	at org.testng.remote.RemoteTestNG.run(RemoteTestNG.java:113)
	at org.testng.remote.RemoteTestNG.initAndRun(RemoteTestNG.java:206)
	at org.testng.remote.RemoteTestNG.main(RemoteTestNG.java:177)
]]>
            </full-stacktrace>
          </exception> <!-- java.lang.AssertionError -->
          <reporter-output>
          </reporter-output>
        </test-method> <!-- createCourse -->
        <test-method status="PASS" signature="closeBrowser()[pri:0, instance:adminTests.CreateCourseTest@5cee5251]" name="closeBrowser" is-config="true" duration-ms="4169" started-at="2021-09-16T22:00:29Z" finished-at="2021-09-16T22:00:33Z">
          <reporter-output>
          </reporter-output>
        </test-method> <!-- closeBrowser -->
      </class> <!-- adminTests.CreateCourseTest -->
    </test> <!-- Default test -->
  </suite> <!-- Default suite -->
</testng-results>
